# JRE version: OpenJDK Runtime Environment (17.0.10) (build 17.0.10+0--11609105)
# Java VM: OpenJDK 64-Bit Server VM (17.0.10+0--11609105, mixed mode, tiered, compressed oops, compressed class ptrs, g1 gc, windows-amd64)
GC Precious Log:
 CPUs: 4 total, 4 available
 Memory: 7816M
 Large Page Support: Disabled
 NUMA Support: Disabled
 Compressed Oops: Enabled (32-bit)
 Heap Region Size: 1M
 Heap Min Capacity: 8M
 Heap Initial Capacity: 124M
 Heap Max Capacity: 2G
 Pre-touch: Disabled
 Parallel Workers: 4
 Concurrent Workers: 1
 Concurrent Refinement Workers: 4
 Periodic GC: Disabled
Heap:
 garbage-first heap   total 187392K, used 126182K [0x0000000080000000, 0x0000000100000000)
  region size 1024K, 4 young (4096K), 4 survivors (4096K)
 Metaspace       used 101544K, committed 102272K, reserved 1179648K
  class space    used 13807K, committed 14144K, reserved 1048576K
GC Heap History (20 events):
Event: 203.517 GC heap after
{Heap after GC invocations=24 (full 0):
 garbage-first heap   total 155648K, used 72827K [0x0000000080000000, 0x0000000100000000)
  region size 1024K, 7 young (7168K), 7 survivors (7168K)
 Metaspace       used 90045K, committed 90688K, reserved 1179648K
  class space    used 12464K, committed 12800K, reserved 1048576K
}
Event: 204.785 GC heap before
{Heap before GC invocations=24 (full 0):
 garbage-first heap   total 155648K, used 127099K [0x0000000080000000, 0x0000000100000000)
  region size 1024K, 61 young (62464K), 7 survivors (7168K)
 Metaspace       used 94177K, committed 94848K, reserved 1179648K
  class space    used 13012K, committed 13376K, reserved 1048576K
}
Event: 204.801 GC heap after
{Heap after GC invocations=25 (full 0):
 garbage-first heap   total 155648K, used 78015K [0x0000000080000000, 0x0000000100000000)
  region size 1024K, 8 young (8192K), 8 survivors (8192K)
 Metaspace       used 94177K, committed 94848K, reserved 1179648K
  class space    used 13012K, committed 13376K, reserved 1048576K
}
Event: 205.020 GC heap before
{Heap before GC invocations=25 (full 0):
 garbage-first heap   total 155648K, used 93375K [0x0000000080000000, 0x0000000100000000)
  region size 1024K, 24 young (24576K), 8 survivors (8192K)
 Metaspace       used 95286K, committed 96000K, reserved 1179648K
  class space    used 13098K, committed 13440K, reserved 1048576K
}
Event: 205.038 GC heap after
{Heap after GC invocations=26 (full 0):
 garbage-first heap   total 155648K, used 81505K [0x0000000080000000, 0x0000000100000000)
  region size 1024K, 5 young (5120K), 5 survivors (5120K)
 Metaspace       used 95286K, committed 96000K, reserved 1179648K
  class space    used 13098K, committed 13440K, reserved 1048576K
}
Event: 206.159 GC heap before
{Heap before GC invocations=27 (full 0):
 garbage-first heap   total 155648K, used 128609K [0x0000000080000000, 0x0000000100000000)
  region size 1024K, 46 young (47104K), 5 survivors (5120K)
 Metaspace       used 98159K, committed 98880K, reserved 1179648K
  class space    used 13467K, committed 13824K, reserved 1048576K
}
Event: 206.174 GC heap after
{Heap after GC invocations=28 (full 0):
 garbage-first heap   total 155648K, used 86015K [0x0000000080000000, 0x0000000100000000)
  region size 1024K, 6 young (6144K), 6 survivors (6144K)
 Metaspace       used 98159K, committed 98880K, reserved 1179648K
  class space    used 13467K, committed 13824K, reserved 1048576K
}
Event: 206.180 GC heap before
{Heap before GC invocations=28 (full 0):
 garbage-first heap   total 155648K, used 87039K [0x0000000080000000, 0x0000000100000000)
  region size 1024K, 7 young (7168K), 6 survivors (6144K)
 Metaspace       used 98159K, committed 98880K, reserved 1179648K
  class space    used 13467K, committed 13824K, reserved 1048576K
}
Event: 206.189 GC heap after
{Heap after GC invocations=29 (full 0):
 garbage-first heap   total 187392K, used 85261K [0x0000000080000000, 0x0000000100000000)
  region size 1024K, 1 young (1024K), 1 survivors (1024K)
 Metaspace       used 98159K, committed 98880K, reserved 1179648K
  class space    used 13467K, committed 13824K, reserved 1048576K
}
Event: 207.001 GC heap before
{Heap before GC invocations=29 (full 0):
 garbage-first heap   total 187392K, used 145677K [0x0000000080000000, 0x0000000100000000)
  region size 1024K, 61 young (62464K), 1 survivors (1024K)
 Metaspace       used 98295K, committed 99008K, reserved 1179648K
  class space    used 13470K, committed 13824K, reserved 1048576K
}
Event: 207.009 GC heap after
{Heap after GC invocations=30 (full 0):
 garbage-first heap   total 187392K, used 88019K [0x0000000080000000, 0x0000000100000000)
  region size 1024K, 4 young (4096K), 4 survivors (4096K)
 Metaspace       used 98295K, committed 99008K, reserved 1179648K
  class space    used 13470K, committed 13824K, reserved 1048576K
}
Event: 209.072 GC heap before
{Heap before GC invocations=31 (full 0):
 garbage-first heap   total 187392K, used 147411K [0x0000000080000000, 0x0000000100000000)
  region size 1024K, 63 young (64512K), 4 survivors (4096K)
 Metaspace       used 100783K, committed 101568K, reserved 1179648K
  class space    used 13759K, committed 14144K, reserved 1048576K
}
Event: 209.087 GC heap after
{Heap after GC invocations=32 (full 0):
 garbage-first heap   total 187392K, used 91962K [0x0000000080000000, 0x0000000100000000)
  region size 1024K, 8 young (8192K), 8 survivors (8192K)
 Metaspace       used 100783K, committed 101568K, reserved 1179648K
  class space    used 13759K, committed 14144K, reserved 1048576K
}
Event: 209.122 GC heap before
{Heap before GC invocations=32 (full 0):
 garbage-first heap   total 187392K, used 92986K [0x0000000080000000, 0x0000000100000000)
  region size 1024K, 9 young (9216K), 8 survivors (8192K)
 Metaspace       used 100785K, committed 101568K, reserved 1179648K
  class space    used 13759K, committed 14144K, reserved 1048576K
}
Event: 209.131 GC heap after
{Heap after GC invocations=33 (full 0):
 garbage-first heap   total 187392K, used 91206K [0x0000000080000000, 0x0000000100000000)
  region size 1024K, 1 young (1024K), 1 survivors (1024K)
 Metaspace       used 100785K, committed 101568K, reserved 1179648K
  class space    used 13759K, committed 14144K, reserved 1048576K
}
Event: 210.379 GC heap before
{Heap before GC invocations=33 (full 0):
 garbage-first heap   total 187392K, used 156742K [0x0000000080000000, 0x0000000100000000)
  region size 1024K, 57 young (58368K), 1 survivors (1024K)
 Metaspace       used 100933K, committed 101696K, reserved 1179648K
  class space    used 13759K, committed 14144K, reserved 1048576K
}
Event: 210.404 GC heap after
{Heap after GC invocations=34 (full 0):
 garbage-first heap   total 187392K, used 115336K [0x0000000080000000, 0x0000000100000000)
  region size 1024K, 8 young (8192K), 8 survivors (8192K)
 Metaspace       used 100933K, committed 101696K, reserved 1179648K
  class space    used 13759K, committed 14144K, reserved 1048576K
}
Event: 211.158 GC heap before
{Heap before GC invocations=34 (full 0):
 garbage-first heap   total 187392K, used 151176K [0x0000000080000000, 0x0000000100000000)
  region size 1024K, 36 young (36864K), 8 survivors (8192K)
 Metaspace       used 101433K, committed 102144K, reserved 1179648K
  class space    used 13804K, committed 14144K, reserved 1048576K
}
Event: 211.180 GC heap after
{Heap after GC invocations=35 (full 0):
 garbage-first heap   total 187392K, used 121856K [0x0000000080000000, 0x0000000100000000)
  region size 1024K, 5 young (5120K), 5 survivors (5120K)
 Metaspace       used 101433K, committed 102144K, reserved 1179648K
  class space    used 13804K, committed 14144K, reserved 1048576K
}
Event: 211.872 GC heap before
{Heap before GC invocations=35 (full 0):
 garbage-first heap   total 187392K, used 147456K [0x0000000080000000, 0x0000000100000000)
  region size 1024K, 30 young (30720K), 5 survivors (5120K)
 Metaspace       used 101544K, committed 102272K, reserved 1179648K
  class space    used 13807K, committed 14144K, reserved 1048576K
}

