# JRE version: OpenJDK Runtime Environment (17.0.10) (build 17.0.10+0--11609105)
# Java VM: OpenJDK 64-Bit Server VM (17.0.10+0--11609105, mixed mode, tiered, compressed oops, compressed class ptrs, g1 gc, windows-amd64)
GC Precious Log:
 CPUs: 4 total, 4 available
 Memory: 7816M
 Large Page Support: Disabled
 NUMA Support: Disabled
 Compressed Oops: Enabled (32-bit)
 Heap Region Size: 1M
 Heap Min Capacity: 8M
 Heap Initial Capacity: 124M
 Heap Max Capacity: 2G
 Pre-touch: Disabled
 Parallel Workers: 4
 Concurrent Workers: 1
 Concurrent Refinement Workers: 4
 Periodic GC: Disabled
Heap:
 garbage-first heap   total 287744K, used 208492K [0x0000000080000000, 0x0000000100000000)
  region size 1024K, 3 young (3072K), 3 survivors (3072K)
 Metaspace       used 127987K, committed 128896K, reserved 1179648K
  class space    used 16904K, committed 17344K, reserved 1048576K
GC Heap History (20 events):
Event: 813.259 GC heap after
{Heap after GC invocations=62 (full 0):
 garbage-first heap   total 239616K, used 165446K [0x0000000080000000, 0x0000000100000000)
  region size 1024K, 4 young (4096K), 4 survivors (4096K)
 Metaspace       used 120143K, committed 121024K, reserved 1179648K
  class space    used 15957K, committed 16384K, reserved 1048576K
}
Event: 813.694 GC heap before
{Heap before GC invocations=62 (full 0):
 garbage-first heap   total 239616K, used 195142K [0x0000000080000000, 0x0000000100000000)
  region size 1024K, 34 young (34816K), 4 survivors (4096K)
 Metaspace       used 120331K, committed 121216K, reserved 1179648K
  class space    used 15969K, committed 16448K, reserved 1048576K
}
Event: 813.714 GC heap after
{Heap after GC invocations=63 (full 0):
 garbage-first heap   total 239616K, used 170074K [0x0000000080000000, 0x0000000100000000)
  region size 1024K, 5 young (5120K), 5 survivors (5120K)
 Metaspace       used 120331K, committed 121216K, reserved 1179648K
  class space    used 15969K, committed 16448K, reserved 1048576K
}
Event: 815.221 GC heap before
{Heap before GC invocations=63 (full 0):
 garbage-first heap   total 239616K, used 216154K [0x0000000080000000, 0x0000000100000000)
  region size 1024K, 32 young (32768K), 5 survivors (5120K)
 Metaspace       used 120505K, committed 121472K, reserved 1179648K
  class space    used 15986K, committed 16448K, reserved 1048576K
}
Event: 815.232 GC heap after
{Heap after GC invocations=64 (full 0):
 garbage-first heap   total 239616K, used 169859K [0x0000000080000000, 0x0000000100000000)
  region size 1024K, 2 young (2048K), 2 survivors (2048K)
 Metaspace       used 120505K, committed 121472K, reserved 1179648K
  class space    used 15986K, committed 16448K, reserved 1048576K
}
Event: 1301.528 GC heap before
{Heap before GC invocations=64 (full 0):
 garbage-first heap   total 239616K, used 199555K [0x0000000080000000, 0x0000000100000000)
  region size 1024K, 31 young (31744K), 2 survivors (2048K)
 Metaspace       used 120712K, committed 121664K, reserved 1179648K
  class space    used 16008K, committed 16512K, reserved 1048576K
}
Event: 1301.535 GC heap after
{Heap after GC invocations=65 (full 0):
 garbage-first heap   total 239616K, used 170706K [0x0000000080000000, 0x0000000100000000)
  region size 1024K, 3 young (3072K), 3 survivors (3072K)
 Metaspace       used 120712K, committed 121664K, reserved 1179648K
  class space    used 16008K, committed 16512K, reserved 1048576K
}
Event: 1302.113 GC heap before
{Heap before GC invocations=65 (full 0):
 garbage-first heap   total 239616K, used 201426K [0x0000000080000000, 0x0000000100000000)
  region size 1024K, 33 young (33792K), 3 survivors (3072K)
 Metaspace       used 120924K, committed 121920K, reserved 1179648K
  class space    used 16012K, committed 16512K, reserved 1048576K
}
Event: 1302.126 GC heap after
{Heap after GC invocations=66 (full 0):
 garbage-first heap   total 239616K, used 175022K [0x0000000080000000, 0x0000000100000000)
  region size 1024K, 5 young (5120K), 5 survivors (5120K)
 Metaspace       used 120924K, committed 121920K, reserved 1179648K
  class space    used 16012K, committed 16512K, reserved 1048576K
}
Event: 1302.755 GC heap before
{Heap before GC invocations=66 (full 0):
 garbage-first heap   total 239616K, used 204718K [0x0000000080000000, 0x0000000100000000)
  region size 1024K, 32 young (32768K), 5 survivors (5120K)
 Metaspace       used 121025K, committed 121984K, reserved 1179648K
  class space    used 16029K, committed 16512K, reserved 1048576K
}
Event: 1302.787 GC heap after
{Heap after GC invocations=67 (full 0):
 garbage-first heap   total 287744K, used 186026K [0x0000000080000000, 0x0000000100000000)
  region size 1024K, 4 young (4096K), 4 survivors (4096K)
 Metaspace       used 121025K, committed 121984K, reserved 1179648K
  class space    used 16029K, committed 16512K, reserved 1048576K
}
Event: 1303.605 GC heap before
{Heap before GC invocations=67 (full 0):
 garbage-first heap   total 287744K, used 261802K [0x0000000080000000, 0x0000000100000000)
  region size 1024K, 49 young (50176K), 4 survivors (4096K)
 Metaspace       used 121125K, committed 122048K, reserved 1179648K
  class space    used 16033K, committed 16512K, reserved 1048576K
}
Event: 1303.623 GC heap after
{Heap after GC invocations=68 (full 0):
 garbage-first heap   total 287744K, used 194478K [0x0000000080000000, 0x0000000100000000)
  region size 1024K, 7 young (7168K), 7 survivors (7168K)
 Metaspace       used 121125K, committed 122048K, reserved 1179648K
  class space    used 16033K, committed 16512K, reserved 1048576K
}
Event: 1307.081 GC heap before
{Heap before GC invocations=68 (full 0):
 garbage-first heap   total 287744K, used 233390K [0x0000000080000000, 0x0000000100000000)
  region size 1024K, 46 young (47104K), 7 survivors (7168K)
 Metaspace       used 121248K, committed 122176K, reserved 1179648K
  class space    used 16036K, committed 16512K, reserved 1048576K
}
Event: 1307.105 GC heap after
{Heap after GC invocations=69 (full 0):
 garbage-first heap   total 287744K, used 200460K [0x0000000080000000, 0x0000000100000000)
  region size 1024K, 6 young (6144K), 6 survivors (6144K)
 Metaspace       used 121248K, committed 122176K, reserved 1179648K
  class space    used 16036K, committed 16512K, reserved 1048576K
}
Event: 1307.418 GC heap before
{Heap before GC invocations=69 (full 0):
 garbage-first heap   total 287744K, used 236300K [0x0000000080000000, 0x0000000100000000)
  region size 1024K, 42 young (43008K), 6 survivors (6144K)
 Metaspace       used 121482K, committed 122560K, reserved 1179648K
  class space    used 16067K, committed 16576K, reserved 1048576K
}
Event: 1307.426 GC heap after
{Heap after GC invocations=70 (full 0):
 garbage-first heap   total 287744K, used 200213K [0x0000000080000000, 0x0000000100000000)
  region size 1024K, 3 young (3072K), 3 survivors (3072K)
 Metaspace       used 121482K, committed 122560K, reserved 1179648K
  class space    used 16067K, committed 16576K, reserved 1048576K
}
Event: 1307.959 GC heap before
{Heap before GC invocations=70 (full 0):
 garbage-first heap   total 287744K, used 237077K [0x0000000080000000, 0x0000000100000000)
  region size 1024K, 40 young (40960K), 3 survivors (3072K)
 Metaspace       used 122615K, committed 123584K, reserved 1179648K
  class space    used 16207K, committed 16704K, reserved 1048576K
}
Event: 1307.973 GC heap after
{Heap after GC invocations=71 (full 0):
 garbage-first heap   total 287744K, used 205483K [0x0000000080000000, 0x0000000100000000)
  region size 1024K, 5 young (5120K), 5 survivors (5120K)
 Metaspace       used 122615K, committed 123584K, reserved 1179648K
  class space    used 16207K, committed 16704K, reserved 1048576K
}
Event: 1308.942 GC heap before
{Heap before GC invocations=71 (full 0):
 garbage-first heap   total 287744K, used 239275K [0x0000000080000000, 0x0000000100000000)
  region size 1024K, 39 young (39936K), 5 survivors (5120K)
 Metaspace       used 127987K, committed 128896K, reserved 1179648K
  class space    used 16904K, committed 17344K, reserved 1048576K
}

