# JRE version: OpenJDK Runtime Environment (17.0.10) (build 17.0.10+0--11609105)
# Java VM: OpenJDK 64-Bit Server VM (17.0.10+0--11609105, mixed mode, tiered, compressed oops, compressed class ptrs, g1 gc, windows-amd64)
GC Precious Log:
 CPUs: 4 total, 4 available
 Memory: 7816M
 Large Page Support: Disabled
 NUMA Support: Disabled
 Compressed Oops: Enabled (32-bit)
 Heap Region Size: 1M
 Heap Min Capacity: 8M
 Heap Initial Capacity: 124M
 Heap Max Capacity: 2G
 Pre-touch: Disabled
 Parallel Workers: 4
 Concurrent Workers: 1
 Concurrent Refinement Workers: 4
 Periodic GC: Disabled
Heap:
 garbage-first heap   total 177152K, used 134402K [0x0000000080000000, 0x0000000100000000)
  region size 1024K, 1 young (1024K), 1 survivors (1024K)
 Metaspace       used 101241K, committed 102016K, reserved 1179648K
  class space    used 13807K, committed 14208K, reserved 1048576K
GC Heap History (20 events):
Event: 201.974 GC heap after
{Heap after GC invocations=31 (full 0):
 garbage-first heap   total 177152K, used 62379K [0x0000000080000000, 0x0000000100000000)
  region size 1024K, 1 young (1024K), 1 survivors (1024K)
 Metaspace       used 71944K, committed 72576K, reserved 1114112K
  class space    used 9697K, committed 9984K, reserved 1048576K
}
Event: 203.486 GC heap before
{Heap before GC invocations=31 (full 0):
 garbage-first heap   total 177152K, used 135083K [0x0000000080000000, 0x0000000100000000)
  region size 1024K, 72 young (73728K), 1 survivors (1024K)
 Metaspace       used 77738K, committed 78336K, reserved 1179648K
  class space    used 10474K, committed 10752K, reserved 1048576K
}
Event: 203.493 GC heap after
{Heap after GC invocations=32 (full 0):
 garbage-first heap   total 177152K, used 66324K [0x0000000080000000, 0x0000000100000000)
  region size 1024K, 5 young (5120K), 5 survivors (5120K)
 Metaspace       used 77738K, committed 78336K, reserved 1179648K
  class space    used 10474K, committed 10752K, reserved 1048576K
}
Event: 205.276 GC heap before
{Heap before GC invocations=32 (full 0):
 garbage-first heap   total 177152K, used 136980K [0x0000000080000000, 0x0000000100000000)
  region size 1024K, 74 young (75776K), 5 survivors (5120K)
 Metaspace       used 82713K, committed 83392K, reserved 1179648K
  class space    used 11338K, committed 11712K, reserved 1048576K
}
Event: 205.287 GC heap after
{Heap after GC invocations=33 (full 0):
 garbage-first heap   total 177152K, used 68713K [0x0000000080000000, 0x0000000100000000)
  region size 1024K, 7 young (7168K), 7 survivors (7168K)
 Metaspace       used 82713K, committed 83392K, reserved 1179648K
  class space    used 11338K, committed 11712K, reserved 1048576K
}
Event: 208.016 GC heap before
{Heap before GC invocations=33 (full 0):
 garbage-first heap   total 177152K, used 141417K [0x0000000080000000, 0x0000000100000000)
  region size 1024K, 78 young (79872K), 7 survivors (7168K)
 Metaspace       used 88192K, committed 88832K, reserved 1179648K
  class space    used 12146K, committed 12480K, reserved 1048576K
}
Event: 208.035 GC heap after
{Heap after GC invocations=34 (full 0):
 garbage-first heap   total 177152K, used 72733K [0x0000000080000000, 0x0000000100000000)
  region size 1024K, 7 young (7168K), 7 survivors (7168K)
 Metaspace       used 88192K, committed 88832K, reserved 1179648K
  class space    used 12146K, committed 12480K, reserved 1048576K
}
Event: 210.451 GC heap before
{Heap before GC invocations=34 (full 0):
 garbage-first heap   total 177152K, used 143389K [0x0000000080000000, 0x0000000100000000)
  region size 1024K, 76 young (77824K), 7 survivors (7168K)
 Metaspace       used 93808K, committed 94528K, reserved 1179648K
  class space    used 12961K, committed 13312K, reserved 1048576K
}
Event: 210.474 GC heap after
{Heap after GC invocations=35 (full 0):
 garbage-first heap   total 177152K, used 76768K [0x0000000080000000, 0x0000000100000000)
  region size 1024K, 8 young (8192K), 8 survivors (8192K)
 Metaspace       used 93808K, committed 94528K, reserved 1179648K
  class space    used 12961K, committed 13312K, reserved 1048576K
}
Event: 212.403 GC heap before
{Heap before GC invocations=35 (full 0):
 garbage-first heap   total 177152K, used 148448K [0x0000000080000000, 0x0000000100000000)
  region size 1024K, 74 young (75776K), 8 survivors (8192K)
 Metaspace       used 98270K, committed 98944K, reserved 1179648K
  class space    used 13479K, committed 13824K, reserved 1048576K
}
Event: 212.425 GC heap after
{Heap after GC invocations=36 (full 0):
 garbage-first heap   total 177152K, used 85455K [0x0000000080000000, 0x0000000100000000)
  region size 1024K, 10 young (10240K), 10 survivors (10240K)
 Metaspace       used 98270K, committed 98944K, reserved 1179648K
  class space    used 13479K, committed 13824K, reserved 1048576K
}
Event: 213.373 GC heap before
{Heap before GC invocations=36 (full 0):
 garbage-first heap   total 177152K, used 141775K [0x0000000080000000, 0x0000000100000000)
  region size 1024K, 65 young (66560K), 10 survivors (10240K)
 Metaspace       used 98371K, committed 99008K, reserved 1179648K
  class space    used 13482K, committed 13824K, reserved 1048576K
}
Event: 213.390 GC heap after
{Heap after GC invocations=37 (full 0):
 garbage-first heap   total 177152K, used 90331K [0x0000000080000000, 0x0000000100000000)
  region size 1024K, 5 young (5120K), 5 survivors (5120K)
 Metaspace       used 98371K, committed 99008K, reserved 1179648K
  class space    used 13482K, committed 13824K, reserved 1048576K
}
Event: 215.345 GC heap before
{Heap before GC invocations=37 (full 0):
 garbage-first heap   total 177152K, used 145627K [0x0000000080000000, 0x0000000100000000)
  region size 1024K, 57 young (58368K), 5 survivors (5120K)
 Metaspace       used 100587K, committed 101312K, reserved 1179648K
  class space    used 13751K, committed 14144K, reserved 1048576K
}
Event: 215.360 GC heap after
{Heap after GC invocations=38 (full 0):
 garbage-first heap   total 177152K, used 100969K [0x0000000080000000, 0x0000000100000000)
  region size 1024K, 8 young (8192K), 8 survivors (8192K)
 Metaspace       used 100587K, committed 101312K, reserved 1179648K
  class space    used 13751K, committed 14144K, reserved 1048576K
}
Event: 215.906 GC heap before
{Heap before GC invocations=38 (full 0):
 garbage-first heap   total 177152K, used 137833K [0x0000000080000000, 0x0000000100000000)
  region size 1024K, 45 young (46080K), 8 survivors (8192K)
 Metaspace       used 101101K, committed 101888K, reserved 1179648K
  class space    used 13804K, committed 14208K, reserved 1048576K
}
Event: 215.931 GC heap after
{Heap after GC invocations=39 (full 0):
 garbage-first heap   total 177152K, used 113058K [0x0000000080000000, 0x0000000100000000)
  region size 1024K, 6 young (6144K), 6 survivors (6144K)
 Metaspace       used 101101K, committed 101888K, reserved 1179648K
  class space    used 13804K, committed 14208K, reserved 1048576K
}
Event: 216.541 GC heap before
{Heap before GC invocations=39 (full 0):
 garbage-first heap   total 177152K, used 140706K [0x0000000080000000, 0x0000000100000000)
  region size 1024K, 33 young (33792K), 6 survivors (6144K)
 Metaspace       used 101224K, committed 102016K, reserved 1179648K
  class space    used 13807K, committed 14208K, reserved 1048576K
}
Event: 216.560 GC heap after
{Heap after GC invocations=40 (full 0):
 garbage-first heap   total 177152K, used 123650K [0x0000000080000000, 0x0000000100000000)
  region size 1024K, 5 young (5120K), 5 survivors (5120K)
 Metaspace       used 101224K, committed 102016K, reserved 1179648K
  class space    used 13807K, committed 14208K, reserved 1048576K
}
Event: 216.779 GC heap before
{Heap before GC invocations=40 (full 0):
 garbage-first heap   total 177152K, used 145154K [0x0000000080000000, 0x0000000100000000)
  region size 1024K, 9 young (9216K), 5 survivors (5120K)
 Metaspace       used 101241K, committed 102016K, reserved 1179648K
  class space    used 13807K, committed 14208K, reserved 1048576K
}

